* using log directory ‘/Users/hj/Downloads/huinanhw2/my1rpack.Rcheck’
* using R version 2.13.1 (2011-07-08)
* using platform: x86_64-apple-darwin9.8.0 (64-bit)
* using session charset: UTF-8
* checking for file ‘my1rpack/DESCRIPTION’ ... OK
* checking extension type ... Package
* this is package ‘my1rpack’ version ‘1.0’
* checking package name space information ... OK
* checking package dependencies ... OK
* checking if this is a source package ... OK
* checking for executable files ... OK
* checking whether package ‘my1rpack’ can be installed ... OK
* checking installed package size ... OK
* checking package directory ... OK
* checking for portable file names ... OK
* checking for sufficient/correct file permissions ... OK
* checking DESCRIPTION meta-information ... OK
* checking top-level files ... OK
* checking index information ... OK
* checking package subdirectories ... OK
* checking R files for non-ASCII characters ... OK
* checking R files for syntax errors ... OK
* checking whether the package can be loaded ... OK
* checking whether the package can be loaded with stated dependencies ... OK
* checking whether the package can be unloaded cleanly ... OK
* checking whether the name space can be loaded with stated dependencies ... OK
* checking whether the name space can be unloaded cleanly ... OK
* checking for unstated dependencies in R code ... WARNING
'library' or 'require' call not declared from: tikzDevice
See the information on DESCRIPTION files in the chapter 'Creating R
packages' of the 'Writing R Extensions' manual.
* checking S3 generic/method consistency ... OK
* checking replacement functions ... OK
* checking foreign function calls ... OK
* checking R code for possible problems ... NOTE
problem1: no visible global function definition for ‘tikz’
* checking Rd files ... WARNING
prepare_Rd: problem1.Rd:36-37: Dropping empty section \note
prepare_Rd: problem2.Rd:16: unexpected TEXT ' ', expecting '{'
prepare_Rd: problem2.Rd:23: Dropping empty section \details
* checking Rd metadata ... OK
* checking Rd cross-references ... OK
* checking for missing documentation entries ... OK
* checking for code/documentation mismatches ... OK
* checking Rd \usage sections ... OK
* checking Rd contents ... OK
* checking for unstated dependencies in examples ... OK
* checking contents of 'data' directory ... OK
* checking data for non-ASCII characters ... OK
* checking data for ASCII and uncompressed saves ... OK
* checking examples ... OK
* checking PDF version of manual ... OK
WARNING: There were 2 warnings, see
  ‘/Users/hj/Downloads/huinanhw2/my1rpack.Rcheck/00check.log’
for details
